<?xml version="1.0" encoding="UTF-8"?>
<testng-results ignored="0" total="1" passed="1" failed="0" skipped="0">
  <reporter-output>
  </reporter-output>
  <suite started-at="2023-09-01T17:28:12 IST" name="Default suite" finished-at="2023-09-01T17:28:12 IST" duration-ms="45">
    <groups>
    </groups>
    <test started-at="2023-09-01T17:28:12 IST" name="Default test" finished-at="2023-09-01T17:28:12 IST" duration-ms="45">
      <class name="dem.NewTest">
        <test-method signature="f()[pri:0, instance:dem.NewTest@524d6d96]" started-at="2023-09-01T17:28:12 IST" name="f" finished-at="2023-09-01T17:28:12 IST" duration-ms="9" status="PASS">
          <reporter-output>
          </reporter-output>
        </test-method> <!-- f -->
      </class> <!-- dem.NewTest -->
    </test> <!-- Default test -->
  </suite> <!-- Default suite -->
</testng-results>
